<?xml version="1.0" encoding="UTF-8"?>
<!-- Generated by org.testng.reporters.JUnitXMLReporter -->
<testsuite ignored="0" hostname="vishnupriya" failures="1" tests="1" name="Default test(failed)" time="5.655" errors="0" timestamp="2025-06-18T12:26:22 IST">
  <testcase classname="NewPackage.FirstTestNGClass" name="verifyHomepageTitle" time="5.597">
    <failure type="java.lang.AssertionError" message="expected [Welcome Mercury Tours] but found [Welcome: Mercury Tours]">
      <![CDATA[java.lang.AssertionError: expected [Welcome Mercury Tours] but found [Welcome: Mercury Tours]
at NewPackage.FirstTestNGClass.verifyHomepageTitle(FirstTestNGClass.java:23)
at java.base/java.util.ArrayList.forEach(ArrayList.java:1596)
... Removed 31 stack frames]]>
    </failure>
  </testcase> <!-- verifyHomepageTitle -->
</testsuite> <!-- Default test(failed) -->
