<?xml version="1.0" encoding="UTF-8"?>
<!-- Generated by org.testng.reporters.JUnitXMLReporter -->
<testsuite ignored="0" hostname="vishnupriya" failures="0" tests="4" name="Default test" time="0.057" errors="0" timestamp="2025-06-23T11:48:38 IST">
  <testcase classname="NewPackage.HardAssertion" name="assertEquals" time="0.014"/>
  <testcase classname="NewPackage.HardAssertion" name="assertFalse" time="0.002"/>
  <testcase classname="NewPackage.HardAssertion" name="assertNotEquals" time="0.001"/>
  <testcase classname="NewPackage.HardAssertion" name="assertTrue" time="0.001"/>
</testsuite> <!-- Default test -->
