<?xml version="1.0" encoding="UTF-8"?>
<!-- Generated by org.testng.reporters.JUnitXMLReporter -->
<testsuite ignored="0" hostname="vishnupriya" failures="0" tests="4" name="Default test" time="32.906" errors="0" timestamp="2025-06-24T12:43:32 IST">
  <testcase classname="NewPackage.FacebookLoginDP" name="testLogin" time="9.002"/>
  <testcase classname="NewPackage.FacebookLoginDP" name="testLogin" time="10.715"/>
  <testcase classname="NewPackage.FacebookLoginDP" name="testLogin" time="6.508"/>
  <testcase classname="NewPackage.FacebookLoginDP" name="testLogin" time="6.622"/>
</testsuite> <!-- Default test -->
