<?xml version="1.0" encoding="UTF-8"?>
<!-- Generated by org.testng.reporters.JUnitXMLReporter -->
<testsuite ignored="0" hostname="vishnupriya" failures="0" tests="3" name="E-Commerce Parallel Test" time="13.481" errors="0" timestamp="2025-06-25T11:58:03 IST">
  <testcase classname="NewPackage.AddToCartParallel" name="addItemToCart" time="2.172"/>
  <testcase classname="NewPackage.SearchParallel" name="searchByCategory" time="0.356"/>
  <testcase classname="NewPackage.SearchParallel" name="searchByProductName" time="0.487"/>
</testsuite> <!-- E-Commerce Parallel Test -->
