<?xml version="1.0" encoding="UTF-8"?>
<!-- Generated by org.testng.reporters.JUnitReportReporter -->
<testsuite hostname="vishnupriya" failures="0" tests="2" name="NewPackage.SearchParallel" time="13.429" errors="0" timestamp="2025-06-25T11:58:03 IST" skipped="0">
  <testcase classname="NewPackage.SearchParallel" name="searchByCategory" time="4.214"/>
  <system-out/>
  <testcase classname="NewPackage.SearchParallel" name="searchByProductName" time="9.215"/>
  <system-out/>
</testsuite> <!-- NewPackage.SearchParallel -->
