<?xml version="1.0" encoding="UTF-8"?>
<!-- Generated by org.testng.reporters.JUnitReportReporter -->
<testsuite hostname="vishnupriya" failures="0" tests="4" name="NewPackage.HardAssertion" time="0.018" errors="0" timestamp="2025-06-23T11:48:38 IST" skipped="0">
  <testcase classname="NewPackage.HardAssertion" name="assertEquals" time="0.014"/>
  <system-out/>
  <testcase classname="NewPackage.HardAssertion" name="assertFalse" time="0.002"/>
  <system-out/>
  <testcase classname="NewPackage.HardAssertion" name="assertNotEquals" time="0.001"/>
  <system-out/>
  <testcase classname="NewPackage.HardAssertion" name="assertTrue" time="0.001"/>
  <system-out/>
</testsuite> <!-- NewPackage.HardAssertion -->
