<?xml version="1.0" encoding="UTF-8"?>
<!-- Generated by org.testng.reporters.JUnitReportReporter -->
<testsuite hostname="vishnupriya" failures="0" tests="4" name="NewPackage.FacebookLoginDP" time="32.847" errors="0" timestamp="2025-06-24T12:43:32 IST" skipped="0">
  <testcase classname="NewPackage.FacebookLoginDP" name="testLogin" time="9.002"/>
  <system-out>
    <![CDATA[Test failed for username: invalidUser@example.com]]>
  </system-out>
  <testcase classname="NewPackage.FacebookLoginDP" name="testLogin" time="10.715"/>
  <system-out>
    <![CDATA[Test failed for username: ]]>
  </system-out>
  <testcase classname="NewPackage.FacebookLoginDP" name="testLogin" time="6.622"/>
  <system-out>
    <![CDATA[Test failed for username: validUser@example.com]]>
  </system-out>
  <testcase classname="NewPackage.FacebookLoginDP" name="testLogin" time="6.508"/>
  <system-out>
    <![CDATA[Test failed for username: ]]>
  </system-out>
</testsuite> <!-- NewPackage.FacebookLoginDP -->
